0 info it worked if it ends with ok
1 verbose cli [ 'node', '/usr/local/bin/npm', 'start' ]
2 info using npm@2.9.0
3 info using node@v0.12.1
4 verbose stack Error: Failed to parse json
4 verbose stack Trailing comma in object at 16:1
4 verbose stack }
4 verbose stack ^
4 verbose stack     at parseError (/usr/local/lib/node_modules/npm/node_modules/read-package-json/read-json.js:379:11)
4 verbose stack     at parseJson (/usr/local/lib/node_modules/npm/node_modules/read-package-json/read-json.js:68:23)
4 verbose stack     at /usr/local/lib/node_modules/npm/node_modules/read-package-json/read-json.js:48:5
4 verbose stack     at evalmachine.<anonymous>:336:14
4 verbose stack     at /usr/local/lib/node_modules/npm/node_modules/graceful-fs/graceful-fs.js:102:5
4 verbose stack     at FSReqWrap.oncomplete (evalmachine.<anonymous>:99:15)
5 verbose cwd /Users/Chenney/github/node-serialport
6 error Darwin 14.4.0
7 error argv "node" "/usr/local/bin/npm" "start"
8 error node v0.12.1
9 error npm  v2.9.0
10 error file /Users/Chenney/github/node-serialport/package.json
11 error code EJSONPARSE
12 error Failed to parse json
12 error Trailing comma in object at 16:1
12 error }
12 error ^
13 error File: /Users/Chenney/github/node-serialport/package.json
14 error Failed to parse package.json data.
14 error package.json must be actual JSON, not just JavaScript.
14 error
14 error This is not a bug in npm.
14 error Tell the package author to fix their package.json file. JSON.parse
15 verbose exit [ 1, true ]
